2019-02-15 16:36:27.5331 Info Message Template Auto Format enabled
2019-02-15 16:36:27.7259 Info Adding target File Target[DefaultLog]
2019-02-15 16:36:27.7259 Info Adding target File Target[ErrorLog]
2019-02-15 16:36:27.7259 Info Adding target Null Target[blackhole]
2019-02-15 16:36:27.7395 Info Configured from an XML element in E:\Yesway\Liang\Test\VSTest\Liang.Projects\GuaHao.WebUI\nlog.config...
2019-02-15 16:36:27.7651 Info Found 46 configuration items
2019-02-15 16:37:44.4870 Info Message Template Auto Format enabled
2019-02-15 16:37:44.7166 Info Adding target File Target[DefaultLog]
2019-02-15 16:37:44.7166 Info Adding target File Target[ErrorLog]
2019-02-15 16:37:44.7166 Info Configured from an XML element in E:\Yesway\Liang\Test\VSTest\Liang.Projects\GuaHao.WebUI\nlog.config...
2019-02-15 16:37:44.7653 Info Found 34 configuration items
2019-02-15 17:11:05.1828 Info Message Template Auto Format enabled
2019-02-15 17:11:05.2801 Info Adding target File Target[DefaultLog]
2019-02-15 17:11:05.2801 Info Adding target File Target[ErrorLog]
2019-02-15 17:11:05.2801 Info Configured from an XML element in E:\Yesway\Liang\Test\VSTest\Liang.Projects\GuaHao.WebUI\nlog.config...
2019-02-15 17:11:05.3205 Info Found 34 configuration items
2019-02-15 17:14:36.0289 Info Message Template Auto Format enabled
2019-02-15 17:14:36.1114 Info Adding target File Target[DefaultLog]
2019-02-15 17:14:36.1114 Info Adding target File Target[ErrorLog]
2019-02-15 17:14:36.1239 Info Configured from an XML element in E:\Yesway\Liang\Test\VSTest\Liang.Projects\GuaHao.WebUI\nlog.config...
2019-02-15 17:14:36.1478 Info Found 34 configuration items
2019-02-15 17:32:35.3767 Info Message Template Auto Format enabled
2019-02-15 17:32:35.4902 Info Adding target File Target[DefaultLog]
2019-02-15 17:32:35.4902 Info Adding target File Target[ErrorLog]
2019-02-15 17:32:35.5123 Info Configured from an XML element in E:\Yesway\Liang\Test\VSTest\Liang.Projects\GuaHao.WebUI\nlog.config...
2019-02-15 17:32:35.5382 Info Found 34 configuration items
2019-02-15 17:48:11.6820 Info Message Template Auto Format enabled
2019-02-15 17:48:12.0597 Info Adding target File Target[DefaultLog]
2019-02-15 17:48:12.0627 Info Adding target File Target[ErrorLog]
2019-02-15 17:48:12.0834 Info Configured from an XML element in E:\Yesway\Liang\Test\VSTest\Liang.Projects\GuaHao.WebUI\nlog.config...
2019-02-15 17:48:12.1318 Info Found 34 configuration items
2019-02-19 09:05:31.9854 Info Message Template Auto Format enabled
2019-02-19 09:05:32.2091 Info Adding target File Target[DefaultLog]
2019-02-19 09:05:32.2091 Info Adding target File Target[ErrorLog]
2019-02-19 09:05:32.2216 Info Configured from an XML element in E:\Yesway\Liang\Test\VSTest\Liang.Projects\GuaHao.WebUI\nlog.config...
2019-02-19 09:05:32.2631 Info Found 34 configuration items
2019-02-19 15:10:16.7980 Info Message Template Auto Format enabled
2019-02-19 15:10:17.1453 Info Adding target File Target[DefaultLog]
2019-02-19 15:10:17.1453 Info Adding target File Target[ErrorLog]
2019-02-19 15:10:17.1588 Info Configured from an XML element in E:\Yesway\Liang\Test\VSTest\Liang.Projects\GuaHao.WebUI\nlog.config...
2019-02-19 15:10:17.2301 Info Found 34 configuration items
2019-02-19 15:39:52.3522 Info Message Template Auto Format enabled
2019-02-19 15:39:52.6950 Info Adding target File Target[DefaultLog]
2019-02-19 15:39:52.6950 Info Adding target File Target[ErrorLog]
2019-02-19 15:39:52.7316 Info Configured from an XML element in E:\Yesway\Liang\Test\VSTest\Liang.Projects\GuaHao.WebUI\nlog.config...
2019-02-19 15:39:52.7933 Info Found 34 configuration items
2019-02-19 16:15:19.6233 Info Message Template Auto Format enabled
2019-02-19 16:15:20.0237 Info Adding target File Target[DefaultLog]
2019-02-19 16:15:20.0237 Info Adding target File Target[ErrorLog]
2019-02-19 16:15:20.0367 Info Configured from an XML element in E:\Yesway\Liang\Test\VSTest\Liang.Projects\GuaHao.WebUI\nlog.config...
2019-02-19 16:15:20.0630 Info Found 34 configuration items
2019-02-19 16:20:05.9088 Info Message Template Auto Format enabled
2019-02-19 16:20:06.0699 Info Adding target File Target[DefaultLog]
2019-02-19 16:20:06.0699 Info Adding target File Target[ErrorLog]
2019-02-19 16:20:06.0878 Info Configured from an XML element in E:\Yesway\Liang\Test\VSTest\Liang.Projects\GuaHao.WebUI\nlog.config...
2019-02-19 16:20:06.1148 Info Found 34 configuration items
2019-02-19 16:26:55.0636 Info Message Template Auto Format enabled
2019-02-19 16:26:55.1816 Info Adding target File Target[DefaultLog]
2019-02-19 16:26:55.1816 Info Adding target File Target[ErrorLog]
2019-02-19 16:26:55.2018 Info Configured from an XML element in E:\Yesway\Liang\Test\VSTest\Liang.Projects\GuaHao.WebUI\nlog.config...
2019-02-19 16:26:55.2353 Info Found 34 configuration items
2019-02-19 16:28:56.7610 Info Message Template Auto Format enabled
2019-02-19 16:28:56.8855 Info Adding target File Target[DefaultLog]
2019-02-19 16:28:56.8855 Info Adding target File Target[ErrorLog]
2019-02-19 16:28:56.9009 Info Configured from an XML element in E:\Yesway\Liang\Test\VSTest\Liang.Projects\GuaHao.WebUI\nlog.config...
2019-02-19 16:28:56.9327 Info Found 34 configuration items
2019-02-19 16:30:32.1204 Info Message Template Auto Format enabled
2019-02-19 16:30:32.2684 Info Adding target File Target[DefaultLog]
2019-02-19 16:30:32.2684 Info Adding target File Target[ErrorLog]
2019-02-19 16:30:32.2841 Info Configured from an XML element in E:\Yesway\Liang\Test\VSTest\Liang.Projects\GuaHao.WebUI\nlog.config...
2019-02-19 16:30:32.3179 Info Found 34 configuration items
2019-02-19 16:37:16.9954 Info Message Template Auto Format enabled
2019-02-19 16:37:17.0763 Info Adding target File Target[DefaultLog]
2019-02-19 16:37:17.0763 Info Adding target File Target[ErrorLog]
2019-02-19 16:37:17.0898 Info Configured from an XML element in E:\Yesway\Liang\Test\VSTest\Liang.Projects\GuaHao.WebUI\nlog.config...
2019-02-19 16:37:17.1143 Info Found 34 configuration items
2019-02-19 16:41:14.0401 Info Message Template Auto Format enabled
2019-02-19 16:41:14.1708 Info Adding target File Target[DefaultLog]
2019-02-19 16:41:14.1734 Info Adding target File Target[ErrorLog]
2019-02-19 16:41:14.1895 Info Configured from an XML element in E:\Yesway\Liang\Test\VSTest\Liang.Projects\GuaHao.WebUI\nlog.config...
2019-02-19 16:41:14.2165 Info Found 34 configuration items
2019-02-19 16:47:01.4293 Info Message Template Auto Format enabled
2019-02-19 16:47:01.5116 Info Adding target File Target[DefaultLog]
2019-02-19 16:47:01.5116 Info Adding target File Target[ErrorLog]
2019-02-19 16:47:01.5260 Info Configured from an XML element in E:\Yesway\Liang\Test\VSTest\Liang.Projects\GuaHao.WebUI\nlog.config...
2019-02-19 16:47:01.5564 Info Found 34 configuration items
2019-02-19 17:07:29.5840 Info Message Template Auto Format enabled
2019-02-19 17:07:29.6732 Info Adding target File Target[DefaultLog]
2019-02-19 17:07:29.6759 Info Adding target File Target[ErrorLog]
2019-02-19 17:07:29.6759 Info Configured from an XML element in E:\Yesway\Liang\Test\VSTest\Liang.Projects\GuaHao.WebUI\nlog.config...
2019-02-19 17:07:29.7118 Info Found 34 configuration items
2019-02-19 17:09:57.6942 Info Message Template Auto Format enabled
2019-02-19 17:09:57.9672 Info Adding target File Target[DefaultLog]
2019-02-19 17:09:57.9726 Info Adding target File Target[ErrorLog]
2019-02-19 17:09:57.9928 Info Configured from an XML element in E:\Yesway\Liang\Test\VSTest\Liang.Projects\GuaHao.WebUI\nlog.config...
2019-02-19 17:09:58.1306 Info Found 34 configuration items
2019-02-19 17:10:39.2278 Info Message Template Auto Format enabled
2019-02-19 17:10:39.3644 Info Adding target File Target[DefaultLog]
2019-02-19 17:10:39.3644 Info Adding target File Target[ErrorLog]
2019-02-19 17:10:39.3783 Info Configured from an XML element in E:\Yesway\Liang\Test\VSTest\Liang.Projects\GuaHao.WebUI\nlog.config...
2019-02-19 17:10:39.4144 Info Found 34 configuration items
2019-02-19 17:36:50.9264 Info Message Template Auto Format enabled
2019-02-19 17:36:51.0916 Info Adding target File Target[DefaultLog]
2019-02-19 17:36:51.0916 Info Adding target File Target[ErrorLog]
2019-02-19 17:36:51.1046 Info Configured from an XML element in E:\Yesway\Liang\Test\VSTest\Liang.Projects\GuaHao.WebUI\nlog.config...
2019-02-19 17:36:51.1309 Info Found 34 configuration items
2019-02-20 09:40:24.3413 Info Message Template Auto Format enabled
2019-02-20 09:40:24.6761 Info Adding target File Target[DefaultLog]
2019-02-20 09:40:24.6761 Info Adding target File Target[ErrorLog]
2019-02-20 09:40:24.6916 Info Configured from an XML element in E:\Yesway\Liang\Test\VSTest\Liang.Projects\GuaHao.WebUI\nlog.config...
2019-02-20 09:40:24.7324 Info Found 34 configuration items
2019-02-20 09:43:40.2969 Info Message Template Auto Format enabled
2019-02-20 09:43:40.3774 Info Adding target File Target[DefaultLog]
2019-02-20 09:43:40.3774 Info Adding target File Target[ErrorLog]
2019-02-20 09:43:40.3774 Info Configured from an XML element in E:\Yesway\Liang\Test\VSTest\Liang.Projects\GuaHao.WebUI\nlog.config...
2019-02-20 09:43:40.4140 Info Found 34 configuration items
2019-02-20 09:44:05.6942 Info Message Template Auto Format enabled
2019-02-20 09:44:05.7993 Info Adding target File Target[DefaultLog]
2019-02-20 09:44:05.7993 Info Adding target File Target[ErrorLog]
2019-02-20 09:44:05.8155 Info Configured from an XML element in E:\Yesway\Liang\Test\VSTest\Liang.Projects\GuaHao.WebUI\nlog.config...
2019-02-20 09:44:05.8497 Info Found 34 configuration items
2019-02-20 09:52:45.4816 Info Message Template Auto Format enabled
2019-02-20 09:52:45.6007 Info Adding target File Target[DefaultLog]
2019-02-20 09:52:45.6007 Info Adding target File Target[ErrorLog]
2019-02-20 09:52:45.6127 Info Configured from an XML element in E:\Yesway\Liang\Test\VSTest\Liang.Projects\GuaHao.WebUI\nlog.config...
2019-02-20 09:52:45.6412 Info Found 34 configuration items
2019-02-20 09:53:51.7130 Info Message Template Auto Format enabled
2019-02-20 09:53:51.8463 Info Adding target File Target[DefaultLog]
2019-02-20 09:53:51.8463 Info Adding target File Target[ErrorLog]
2019-02-20 09:53:51.8614 Info Configured from an XML element in E:\Yesway\Liang\Test\VSTest\Liang.Projects\GuaHao.WebUI\nlog.config...
2019-02-20 09:53:51.8862 Info Found 34 configuration items
2019-02-20 10:11:07.7471 Info Message Template Auto Format enabled
2019-02-20 10:11:07.8714 Info Adding target File Target[DefaultLog]
2019-02-20 10:11:07.8714 Info Adding target File Target[ErrorLog]
2019-02-20 10:11:07.8884 Info Configured from an XML element in E:\Yesway\Liang\Test\VSTest\Liang.Projects\GuaHao.WebUI\nlog.config...
2019-02-20 10:11:07.9249 Info Found 34 configuration items
2019-02-20 10:12:30.1324 Info Message Template Auto Format enabled
2019-02-20 10:12:30.2722 Info Adding target File Target[DefaultLog]
2019-02-20 10:12:30.2722 Info Adding target File Target[ErrorLog]
2019-02-20 10:12:30.2984 Info Configured from an XML element in E:\Yesway\Liang\Test\VSTest\Liang.Projects\GuaHao.WebUI\nlog.config...
2019-02-20 10:12:30.3315 Info Found 34 configuration items
2019-02-20 10:15:42.0901 Info Message Template Auto Format enabled
2019-02-20 10:15:42.3443 Info Adding target File Target[DefaultLog]
2019-02-20 10:15:42.3527 Info Adding target File Target[ErrorLog]
2019-02-20 10:15:42.3913 Info Configured from an XML element in E:\Yesway\Liang\Test\VSTest\Liang.Projects\GuaHao.WebUI\nlog.config...
2019-02-20 10:15:42.4674 Info Found 34 configuration items
2019-02-20 10:17:13.2630 Info Message Template Auto Format enabled
2019-02-20 10:17:13.3779 Info Adding target File Target[DefaultLog]
2019-02-20 10:17:13.3779 Info Adding target File Target[ErrorLog]
2019-02-20 10:17:13.4000 Info Configured from an XML element in E:\Yesway\Liang\Test\VSTest\Liang.Projects\GuaHao.WebUI\nlog.config...
2019-02-20 10:17:13.4319 Info Found 34 configuration items
2019-02-20 10:20:52.3084 Info Message Template Auto Format enabled
2019-02-20 10:20:52.6844 Info Adding target File Target[DefaultLog]
2019-02-20 10:20:52.6844 Info Adding target File Target[ErrorLog]
2019-02-20 10:20:52.6988 Info Configured from an XML element in E:\Yesway\Liang\Test\VSTest\Liang.Projects\GuaHao.WebUI\nlog.config...
2019-02-20 10:20:52.7359 Info Found 34 configuration items
2019-02-20 15:49:12.5550 Info Message Template Auto Format enabled
2019-02-20 15:49:12.8413 Info Adding target File Target[DefaultLog]
2019-02-20 15:49:12.8413 Info Adding target File Target[ErrorLog]
2019-02-20 15:49:12.8544 Info Configured from an XML element in E:\Yesway\Liang\Test\VSTest\Liang.Projects\GuaHao.WebUI\nlog.config...
2019-02-20 15:49:12.8883 Info Found 34 configuration items
2019-02-20 16:02:07.5655 Info Message Template Auto Format enabled
2019-02-20 16:02:07.6517 Info Adding target File Target[DefaultLog]
2019-02-20 16:02:07.6517 Info Adding target File Target[ErrorLog]
2019-02-20 16:02:07.6637 Info Configured from an XML element in E:\Yesway\Liang\Test\VSTest\Liang.Projects\GuaHao.WebUI\nlog.config...
2019-02-20 16:02:07.6876 Info Found 34 configuration items
2019-02-20 16:02:30.2346 Info Message Template Auto Format enabled
2019-02-20 16:02:30.3157 Info Adding target File Target[DefaultLog]
2019-02-20 16:02:30.3157 Info Adding target File Target[ErrorLog]
2019-02-20 16:02:30.3157 Info Configured from an XML element in E:\Yesway\Liang\Test\VSTest\Liang.Projects\GuaHao.WebUI\nlog.config...
2019-02-20 16:02:30.3534 Info Found 34 configuration items
2019-02-20 17:13:01.1892 Info Message Template Auto Format enabled
2019-02-20 17:13:01.4843 Info Adding target File Target[DefaultLog]
2019-02-20 17:13:01.4866 Info Adding target File Target[ErrorLog]
2019-02-20 17:13:01.4866 Info Configured from an XML element in E:\Yesway\Liang\Test\VSTest\Liang.Projects\GuaHao.WebUI\nlog.config...
2019-02-20 17:13:01.5338 Info Found 34 configuration items
2019-02-20 17:26:55.7221 Info Message Template Auto Format enabled
2019-02-20 17:26:55.8243 Info Adding target File Target[DefaultLog]
2019-02-20 17:26:55.8243 Info Adding target File Target[ErrorLog]
2019-02-20 17:26:55.8375 Info Configured from an XML element in E:\Yesway\Liang\Test\VSTest\Liang.Projects\GuaHao.WebUI\nlog.config...
2019-02-20 17:26:55.8610 Info Found 34 configuration items
2019-02-20 17:39:46.7602 Info Message Template Auto Format enabled
2019-02-20 17:39:46.8412 Info Adding target File Target[DefaultLog]
2019-02-20 17:39:46.8412 Info Adding target File Target[ErrorLog]
2019-02-20 17:39:46.8545 Info Configured from an XML element in E:\Yesway\Liang\Test\VSTest\Liang.Projects\GuaHao.WebUI\nlog.config...
2019-02-20 17:39:46.8785 Info Found 34 configuration items
2019-02-20 17:40:10.1149 Info Message Template Auto Format enabled
2019-02-20 17:40:10.3344 Info Adding target File Target[DefaultLog]
2019-02-20 17:40:10.3344 Info Adding target File Target[ErrorLog]
2019-02-20 17:40:10.3597 Info Configured from an XML element in E:\Yesway\Liang\Test\VSTest\Liang.Projects\GuaHao.WebUI\nlog.config...
2019-02-20 17:40:10.4312 Info Found 34 configuration items
2019-02-21 08:56:36.5420 Info Message Template Auto Format enabled
2019-02-21 08:56:36.7366 Info Adding target File Target[DefaultLog]
2019-02-21 08:56:36.7366 Info Adding target File Target[ErrorLog]
2019-02-21 08:56:36.7366 Info Configured from an XML element in E:\Yesway\Liang\Test\VSTest\Liang.Projects\GuaHao.WebUI\nlog.config...
2019-02-21 08:56:36.7722 Info Found 34 configuration items
2019-02-21 09:17:50.2848 Info Message Template Auto Format enabled
2019-02-21 09:17:50.3613 Info Adding target File Target[DefaultLog]
2019-02-21 09:17:50.3613 Info Adding target File Target[ErrorLog]
2019-02-21 09:17:50.3613 Info Configured from an XML element in E:\Yesway\Liang\Test\VSTest\Liang.Projects\GuaHao.WebUI\nlog.config...
2019-02-21 09:17:50.3990 Info Found 34 configuration items
2019-02-21 11:40:15.0473 Info Message Template Auto Format enabled
2019-02-21 11:40:15.2469 Info Adding target File Target[DefaultLog]
2019-02-21 11:40:15.2469 Info Adding target File Target[ErrorLog]
2019-02-21 11:40:15.2618 Info Configured from an XML element in E:\Yesway\Liang\Test\VSTest\Liang.Projects\GuaHao.WebUI\nlog.config...
2019-02-21 11:40:15.2857 Info Found 34 configuration items
2019-02-21 11:49:53.4926 Info Message Template Auto Format enabled
2019-02-21 11:49:53.6818 Info Adding target File Target[DefaultLog]
2019-02-21 11:49:53.6818 Info Adding target File Target[ErrorLog]
2019-02-21 11:49:53.6966 Info Configured from an XML element in E:\Yesway\Liang\Test\VSTest\Liang.Projects\GuaHao.WebUI\nlog.config...
2019-02-21 11:49:53.7222 Info Found 34 configuration items
2019-02-21 13:28:54.5140 Info Message Template Auto Format enabled
2019-02-21 13:28:54.8285 Info Adding target File Target[DefaultLog]
2019-02-21 13:28:54.8399 Info Adding target File Target[ErrorLog]
2019-02-21 13:28:54.8810 Info Configured from an XML element in E:\Yesway\Liang\Test\VSTest\Liang.Projects\GuaHao.WebUI\nlog.config...
2019-02-21 13:28:54.9202 Info Found 34 configuration items
2019-02-21 13:30:06.7005 Info Message Template Auto Format enabled
2019-02-21 13:30:06.8121 Info Adding target File Target[DefaultLog]
2019-02-21 13:30:06.8144 Info Adding target File Target[ErrorLog]
2019-02-21 13:30:06.8144 Info Configured from an XML element in E:\Yesway\Liang\Test\VSTest\Liang.Projects\GuaHao.WebUI\nlog.config...
2019-02-21 13:30:06.8549 Info Found 34 configuration items
2019-02-21 14:07:19.3878 Info Message Template Auto Format enabled
2019-02-21 14:07:19.7425 Info Adding target File Target[DefaultLog]
2019-02-21 14:07:19.7425 Info Adding target File Target[ErrorLog]
2019-02-21 14:07:19.7546 Info Configured from an XML element in E:\Yesway\Liang\Test\VSTest\Liang.Projects\GuaHao.WebUI\nlog.config...
2019-02-21 14:07:19.7868 Info Found 34 configuration items
2019-02-22 08:46:57.3457 Info Message Template Auto Format enabled
2019-02-22 08:46:58.1405 Info Adding target File Target[DefaultLog]
2019-02-22 08:46:58.1425 Info Adding target File Target[ErrorLog]
2019-02-22 08:46:58.1425 Info Configured from an XML element in E:\Yesway\Liang\Test\VSTest\Liang.Projects\GuaHao.WebUI\nlog.config...
2019-02-22 08:46:58.2486 Info Found 34 configuration items
2019-02-22 09:04:47.8216 Info Message Template Auto Format enabled
2019-02-22 09:04:47.9865 Info Adding target File Target[DefaultLog]
2019-02-22 09:04:47.9865 Info Adding target File Target[ErrorLog]
2019-02-22 09:04:48.0025 Info Configured from an XML element in E:\Yesway\Liang\Test\VSTest\Liang.Projects\GuaHao.WebUI\nlog.config...
2019-02-22 09:04:48.0349 Info Found 34 configuration items
2019-02-22 09:33:55.4105 Info Message Template Auto Format enabled
2019-02-22 09:33:55.8327 Info Adding target File Target[DefaultLog]
2019-02-22 09:33:55.8327 Info Adding target File Target[ErrorLog]
2019-02-22 09:33:55.8487 Info Configured from an XML element in E:\Yesway\Liang\Test\VSTest\Liang.Projects\GuaHao.WebUI\nlog.config...
2019-02-22 09:33:55.8858 Info Found 34 configuration items
2019-02-22 09:37:38.3910 Info Message Template Auto Format enabled
2019-02-22 09:37:38.5052 Info Adding target File Target[DefaultLog]
2019-02-22 09:37:38.5052 Info Adding target File Target[ErrorLog]
2019-02-22 09:37:38.5213 Info Configured from an XML element in E:\Yesway\Liang\Test\VSTest\Liang.Projects\GuaHao.WebUI\nlog.config...
2019-02-22 09:37:38.5462 Info Found 34 configuration items
2019-02-22 11:38:24.5161 Info Message Template Auto Format enabled
2019-02-22 11:38:24.9666 Info Adding target File Target[DefaultLog]
2019-02-22 11:38:24.9666 Info Adding target File Target[ErrorLog]
2019-02-22 11:38:24.9804 Info Configured from an XML element in E:\Yesway\Liang\Test\VSTest\Liang.Projects\GuaHao.WebUI\nlog.config...
2019-02-22 11:38:25.0475 Info Found 34 configuration items
2019-02-22 11:39:55.8606 Info Message Template Auto Format enabled
2019-02-22 11:39:56.2899 Info Adding target File Target[DefaultLog]
2019-02-22 11:39:56.2899 Info Adding target File Target[ErrorLog]
2019-02-22 11:39:56.3030 Info Configured from an XML element in E:\Yesway\Liang\Test\VSTest\Liang.Projects\GuaHao.WebUI\nlog.config...
2019-02-22 11:39:56.3264 Info Found 34 configuration items
2019-02-22 11:43:04.2756 Info Message Template Auto Format enabled
2019-02-22 11:43:04.5070 Info Adding target File Target[DefaultLog]
2019-02-22 11:43:04.5070 Info Adding target File Target[ErrorLog]
2019-02-22 11:43:04.5591 Info Configured from an XML element in E:\Yesway\Liang\Test\VSTest\Liang.Projects\GuaHao.WebUI\nlog.config...
2019-02-22 11:43:04.6429 Info Found 34 configuration items
2019-02-22 11:48:28.2784 Info Message Template Auto Format enabled
2019-02-22 11:48:28.3881 Info Adding target File Target[DefaultLog]
2019-02-22 11:48:28.3919 Info Adding target File Target[ErrorLog]
2019-02-22 11:48:28.4143 Info Configured from an XML element in E:\Yesway\Liang\Test\VSTest\Liang.Projects\GuaHao.WebUI\nlog.config...
2019-02-22 11:48:28.4438 Info Found 34 configuration items
2019-02-22 11:51:49.0062 Info Message Template Auto Format enabled
2019-02-22 11:51:49.1532 Info Adding target File Target[DefaultLog]
2019-02-22 11:51:49.1532 Info Adding target File Target[ErrorLog]
2019-02-22 11:51:49.1691 Info Configured from an XML element in E:\Yesway\Liang\Test\VSTest\Liang.Projects\GuaHao.WebUI\nlog.config...
2019-02-22 11:51:49.1934 Info Found 34 configuration items
2019-02-22 13:25:23.7011 Info Message Template Auto Format enabled
2019-02-22 13:25:24.2823 Info Adding target File Target[DefaultLog]
2019-02-22 13:25:24.2845 Info Adding target File Target[ErrorLog]
2019-02-22 13:25:24.2845 Info Configured from an XML element in E:\Yesway\Liang\Test\VSTest\Liang.Projects\GuaHao.WebUI\nlog.config...
2019-02-22 13:25:24.3323 Info Found 34 configuration items
2019-02-22 13:27:38.3797 Info Message Template Auto Format enabled
2019-02-22 13:27:38.4876 Info Adding target File Target[DefaultLog]
2019-02-22 13:27:38.4876 Info Adding target File Target[ErrorLog]
2019-02-22 13:27:38.4876 Info Configured from an XML element in E:\Yesway\Liang\Test\VSTest\Liang.Projects\GuaHao.WebUI\nlog.config...
2019-02-22 13:27:38.5244 Info Found 34 configuration items
2019-02-22 13:32:39.5015 Info Message Template Auto Format enabled
2019-02-22 13:32:39.5859 Info Adding target File Target[DefaultLog]
2019-02-22 13:32:39.5859 Info Adding target File Target[ErrorLog]
2019-02-22 13:32:39.5994 Info Configured from an XML element in E:\Yesway\Liang\Test\VSTest\Liang.Projects\GuaHao.WebUI\nlog.config...
2019-02-22 13:32:39.6285 Info Found 34 configuration items
2019-02-22 13:33:50.0837 Info Message Template Auto Format enabled
2019-02-22 13:33:50.2653 Info Adding target File Target[DefaultLog]
2019-02-22 13:33:50.2740 Info Adding target File Target[ErrorLog]
2019-02-22 13:33:50.2924 Info Configured from an XML element in E:\Yesway\Liang\Test\VSTest\Liang.Projects\GuaHao.WebUI\nlog.config...
2019-02-22 13:33:50.3272 Info Found 34 configuration items
2019-02-22 13:45:27.5598 Info Message Template Auto Format enabled
2019-02-22 13:45:27.9722 Info Adding target File Target[DefaultLog]
2019-02-22 13:45:27.9722 Info Adding target File Target[ErrorLog]
2019-02-22 13:45:27.9870 Info Configured from an XML element in E:\Yesway\Liang\Test\VSTest\Liang.Projects\GuaHao.WebUI\nlog.config...
2019-02-22 13:45:28.0493 Info Found 34 configuration items
2019-02-22 13:46:45.9390 Info Message Template Auto Format enabled
2019-02-22 13:46:46.0443 Info Adding target File Target[DefaultLog]
2019-02-22 13:46:46.0443 Info Adding target File Target[ErrorLog]
2019-02-22 13:46:46.0576 Info Configured from an XML element in E:\Yesway\Liang\Test\VSTest\Liang.Projects\GuaHao.WebUI\nlog.config...
2019-02-22 13:46:46.0845 Info Found 34 configuration items
2019-02-22 14:02:13.9622 Info Message Template Auto Format enabled
2019-02-22 14:02:14.6072 Info Adding target File Target[DefaultLog]
2019-02-22 14:02:14.6072 Info Adding target File Target[ErrorLog]
2019-02-22 14:02:14.6204 Info Configured from an XML element in E:\Yesway\Liang\Test\VSTest\Liang.Projects\GuaHao.WebUI\nlog.config...
2019-02-22 14:02:14.6458 Info Found 34 configuration items
2019-02-22 14:15:45.4517 Info Message Template Auto Format enabled
2019-02-22 14:15:45.8188 Info Adding target File Target[DefaultLog]
2019-02-22 14:15:45.8400 Info Adding target File Target[ErrorLog]
2019-02-22 14:15:45.8504 Info Configured from an XML element in E:\Yesway\Liang\Test\VSTest\Liang.Projects\GuaHao.WebUI\nlog.config...
2019-02-22 14:15:45.8900 Info Found 34 configuration items
2019-02-22 14:20:07.3252 Info Message Template Auto Format enabled
2019-02-22 14:20:07.4453 Info Adding target File Target[DefaultLog]
2019-02-22 14:20:07.4453 Info Adding target File Target[ErrorLog]
2019-02-22 14:20:07.4590 Info Configured from an XML element in E:\Yesway\Liang\Test\VSTest\Liang.Projects\GuaHao.WebUI\nlog.config...
2019-02-22 14:20:07.4835 Info Found 34 configuration items
2019-02-22 14:22:09.1524 Info Message Template Auto Format enabled
2019-02-22 14:22:09.2690 Info Adding target File Target[DefaultLog]
2019-02-22 14:22:09.2690 Info Adding target File Target[ErrorLog]
2019-02-22 14:22:09.2867 Info Configured from an XML element in E:\Yesway\Liang\Test\VSTest\Liang.Projects\GuaHao.WebUI\nlog.config...
2019-02-22 14:22:09.3132 Info Found 34 configuration items
2019-02-22 14:28:03.2619 Info Message Template Auto Format enabled
2019-02-22 14:28:03.3675 Info Adding target File Target[DefaultLog]
2019-02-22 14:28:03.3675 Info Adding target File Target[ErrorLog]
2019-02-22 14:28:03.3808 Info Configured from an XML element in E:\Yesway\Liang\Test\VSTest\Liang.Projects\GuaHao.WebUI\nlog.config...
2019-02-22 14:28:03.4046 Info Found 34 configuration items
2019-02-22 14:29:49.4848 Info Message Template Auto Format enabled
2019-02-22 14:29:49.6001 Info Adding target File Target[DefaultLog]
2019-02-22 14:29:49.6001 Info Adding target File Target[ErrorLog]
2019-02-22 14:29:49.6152 Info Configured from an XML element in E:\Yesway\Liang\Test\VSTest\Liang.Projects\GuaHao.WebUI\nlog.config...
2019-02-22 14:29:49.6484 Info Found 34 configuration items
2019-02-22 14:39:03.3076 Info Message Template Auto Format enabled
2019-02-22 14:39:03.4076 Info Adding target File Target[DefaultLog]
2019-02-22 14:39:03.4106 Info Adding target File Target[ErrorLog]
2019-02-22 14:39:03.4106 Info Configured from an XML element in E:\Yesway\Liang\Test\VSTest\Liang.Projects\GuaHao.WebUI\nlog.config...
2019-02-22 14:39:03.4497 Info Found 34 configuration items
2019-02-22 14:41:56.1009 Info Message Template Auto Format enabled
2019-02-22 14:41:56.2126 Info Adding target File Target[DefaultLog]
2019-02-22 14:41:56.2126 Info Adding target File Target[ErrorLog]
2019-02-22 14:41:56.2289 Info Configured from an XML element in E:\Yesway\Liang\Test\VSTest\Liang.Projects\GuaHao.WebUI\nlog.config...
2019-02-22 14:41:56.2532 Info Found 34 configuration items
2019-02-22 14:42:38.8880 Info Message Template Auto Format enabled
2019-02-22 14:42:39.0429 Info Adding target File Target[DefaultLog]
2019-02-22 14:42:39.0429 Info Adding target File Target[ErrorLog]
2019-02-22 14:42:39.0577 Info Configured from an XML element in E:\Yesway\Liang\Test\VSTest\Liang.Projects\GuaHao.WebUI\nlog.config...
2019-02-22 14:42:39.0890 Info Found 34 configuration items
2019-02-22 14:47:33.4126 Info Message Template Auto Format enabled
2019-02-22 14:47:33.4934 Info Adding target File Target[DefaultLog]
2019-02-22 14:47:33.4934 Info Adding target File Target[ErrorLog]
2019-02-22 14:47:33.5057 Info Configured from an XML element in E:\Yesway\Liang\Test\VSTest\Liang.Projects\GuaHao.WebUI\nlog.config...
2019-02-22 14:47:33.5276 Info Found 34 configuration items
2019-02-22 14:47:46.4666 Info Message Template Auto Format enabled
2019-02-22 14:47:46.5767 Info Adding target File Target[DefaultLog]
2019-02-22 14:47:46.5767 Info Adding target File Target[ErrorLog]
2019-02-22 14:47:46.5892 Info Configured from an XML element in E:\Yesway\Liang\Test\VSTest\Liang.Projects\GuaHao.WebUI\nlog.config...
2019-02-22 14:47:46.6115 Info Found 34 configuration items
2019-02-22 14:49:22.0176 Info Message Template Auto Format enabled
2019-02-22 14:49:22.1196 Info Adding target File Target[DefaultLog]
2019-02-22 14:49:22.1196 Info Adding target File Target[ErrorLog]
2019-02-22 14:49:22.1320 Info Configured from an XML element in E:\Yesway\Liang\Test\VSTest\Liang.Projects\GuaHao.WebUI\nlog.config...
2019-02-22 14:49:22.1536 Info Found 34 configuration items
2019-02-22 14:50:13.9334 Info Message Template Auto Format enabled
2019-02-22 14:50:14.0462 Info Adding target File Target[DefaultLog]
2019-02-22 14:50:14.0488 Info Adding target File Target[ErrorLog]
2019-02-22 14:50:14.0488 Info Configured from an XML element in E:\Yesway\Liang\Test\VSTest\Liang.Projects\GuaHao.WebUI\nlog.config...
2019-02-22 14:50:14.0824 Info Found 34 configuration items
2019-02-22 14:51:06.3042 Info Message Template Auto Format enabled
2019-02-22 14:51:06.3863 Info Adding target File Target[DefaultLog]
2019-02-22 14:51:06.3863 Info Adding target File Target[ErrorLog]
2019-02-22 14:51:06.3998 Info Configured from an XML element in E:\Yesway\Liang\Test\VSTest\Liang.Projects\GuaHao.WebUI\nlog.config...
2019-02-22 14:51:06.4211 Info Found 34 configuration items
2019-02-22 14:51:17.0633 Info Message Template Auto Format enabled
2019-02-22 14:51:17.1621 Info Adding target File Target[DefaultLog]
2019-02-22 14:51:17.1621 Info Adding target File Target[ErrorLog]
2019-02-22 14:51:17.1741 Info Configured from an XML element in E:\Yesway\Liang\Test\VSTest\Liang.Projects\GuaHao.WebUI\nlog.config...
2019-02-22 14:51:17.1972 Info Found 34 configuration items
2019-02-22 14:56:58.6455 Info Message Template Auto Format enabled
2019-02-22 14:56:58.7582 Info Adding target File Target[DefaultLog]
2019-02-22 14:56:58.7582 Info Adding target File Target[ErrorLog]
2019-02-22 14:56:58.7706 Info Configured from an XML element in E:\Yesway\Liang\Test\VSTest\Liang.Projects\GuaHao.WebUI\nlog.config...
2019-02-22 14:56:58.7939 Info Found 34 configuration items
2019-02-22 15:14:20.6169 Info Message Template Auto Format enabled
2019-02-22 15:14:20.7286 Info Adding target File Target[DefaultLog]
2019-02-22 15:14:20.7286 Info Adding target File Target[ErrorLog]
2019-02-22 15:14:20.7417 Info Configured from an XML element in E:\Yesway\Liang\Test\VSTest\Liang.Projects\GuaHao.WebUI\nlog.config...
2019-02-22 15:14:20.7711 Info Found 34 configuration items
2019-02-22 15:16:11.1555 Info Message Template Auto Format enabled
2019-02-22 15:16:11.2818 Info Adding target File Target[DefaultLog]
2019-02-22 15:16:11.2841 Info Adding target File Target[ErrorLog]
2019-02-22 15:16:11.2841 Info Configured from an XML element in E:\Yesway\Liang\Test\VSTest\Liang.Projects\GuaHao.WebUI\nlog.config...
2019-02-22 15:16:11.3274 Info Found 34 configuration items
