08:51:04.6611 [34] [Info] - 登录记录账号：63354361@qq.com，密码：guoliang8891 
08:51:14.3250 [37] [Info] - 登录记录账号：63354361@qq.com，密码：guoliang8891 
08:52:40.9702 [37] [Info] - 登录记录账号：63354361@qq.com，密码：guoliang8891 
08:52:56.8944 [37] [Info] - 登录记录账号：18514203536，密码：guoliang8891 
08:54:25.9822 [37] [Info] - 发送验证码返回：{"code":200,"msg":"OK."} 
09:00:53.3668 [37] [Info] - 挂号返回：{"data":[],"hasError":true,"code":7001,"msg":"短信验证码错误!"} 
09:06:27.6341 [28] [Info] - 挂号返回：{"data":[],"hasError":true,"code":7001,"msg":"短信验证码错误!"} 
09:06:39.7659 [31] [Info] - 发送验证码返回：{"code":200,"msg":"OK."} 
09:08:07.1976 [33] [Info] - 挂号返回：{"data":[],"hasError":true,"code":7001,"msg":"短信验证码错误!"} 
09:14:39.8636 [30] [Info] - 挂号返回：{"data":[],"hasError":true,"code":7001,"msg":"短信验证码错误!"} 
09:15:10.3683 [33] [Info] - 挂号返回：{"data":[],"hasError":true,"code":7001,"msg":"短信验证码错误!"} 
09:16:25.7594 [28] [Info] - 发送验证码返回：{"code":200,"msg":"OK."} 
09:22:58.2369 [30] [Info] - 发送验证码返回：{"code":200,"msg":"OK."} 
09:26:02.8702 [58] [Info] - 发送验证码返回： 
09:26:32.5162 [53] [Info] - 发送验证码返回： 
09:26:40.5458 [54] [Info] - 发送验证码返回： 
09:27:56.7478 [71] [Info] - 发送验证码返回： 
09:34:05.3681 [6] [Info] - 挂号返回：{"data":[],"hasError":true,"code":2009,"msg":"用户未登录!"} 
09:34:17.3867 [7] [Info] - 登录记录账号：18514203536，密码：guoliang8891 
09:34:33.8093 [29] [Info] - 挂号返回：{"data":[],"hasError":true,"code":4010,"msg":"短信验证码不能为空！"} 
09:35:18.1651 [7] [Info] - 挂号返回：{"msg":"号源不足！","code":8010,"isLineUp":false} 
09:37:57.8442 [32] [Info] - 挂号返回：{"data":[],"hasError":true,"code":7001,"msg":"短信验证码错误!"} 
09:38:04.2472 [28] [Info] - 发送验证码返回：{"code":200,"msg":"OK."} 
09:38:17.1242 [28] [Info] - 挂号返回：{"data":[],"hasError":true,"code":7001,"msg":"短信验证码错误!"} 
09:38:20.2061 [27] [Info] - 挂号返回：{"data":[],"hasError":true,"code":7001,"msg":"短信验证码错误!"} 
09:40:11.5678 [26] [Info] - 挂号返回：{"msg":"号源不足！","code":8010,"isLineUp":false} 
11:50:17.8940 [33] [Info] - 登录记录账号：18514203536，密码：guoliang8891 
14:16:26.2015 [6] [Info] - 登录记录账号：18514203536，密码：guoliang8891 
14:20:25.9637 [27] [Info] - 登录记录账号：18514203536，密码：guoliang8891 
14:21:14.3337 [27] [Info] - 登录记录账号：18514203536，密码：guoliang8891 
14:22:36.1160 [26] [Info] - 登录记录账号：18514203536，密码：guoliang8891 
14:23:14.0836 [26] [Info] - 登录记录账号：18514203536，密码：guoliang8891 
14:28:30.5620 [26] [Info] - 登录记录账号：18514203536，密码：guoliang8891 
14:28:56.5721 [29] [Info] - 登录记录账号：18514203536，密码：guoliang8891 
14:29:58.6113 [26] [Info] - 登录记录账号：18514203536，密码：guoliang8891 
14:39:50.4806 [6] [Info] - 登录记录账号：18514203536，密码：guoliang8891 
14:42:02.8331 [27] [Info] - 登录记录账号：18514203536，密码：guoliang8891 
14:42:45.9316 [27] [Info] - 登录记录账号：18514203536，密码：guoliang8891 
14:43:27.4285 [26] [Info] - 登录记录账号：18514203536，密码：guoliang8891 
14:50:23.4622 [32] [Info] - 登录记录账号：18514203536，密码：guoliang8891 
14:51:26.9330 [27] [Info] - 登录记录账号：18514203536，密码：guoliang8891 
14:51:54.6087 [26] [Info] - 登录记录账号：18514203536，密码：guoliang8891 
14:57:22.0022 [32] [Info] - 挂号返回：{"data":[],"hasError":true,"code":7001,"msg":"短信验证码错误!"} 
14:57:32.5749 [27] [Info] - 发送验证码返回：{"code":817,"msg":"抱歉，短信验证码发送次数已达到今日上限！"} 
15:02:10.6811 [57] [Info] - 登录记录账号：15201109561，密码：962254xx 
15:02:15.1799 [50] [Info] - 发送验证码返回：{"code":817,"msg":"抱歉，短信验证码发送次数已达到今日上限！"} 
15:02:48.5662 [72] [Info] - 登录记录账号：15201109561，密码：962254xx 
15:03:36.3163 [70] [Info] - 发送验证码返回：{"code":200,"msg":"OK."} 
15:04:10.0599 [70] [Info] - 挂号返回：{"data":[],"hasError":true,"code":7001,"msg":"短信验证码错误!"} 
15:06:26.5596 [72] [Info] - 挂号返回：{"data":[],"hasError":true,"code":7001,"msg":"短信验证码错误!"} 
15:14:34.5985 [27] [Info] - 登录记录账号：18514203536，密码：guoliang8891 
15:16:54.8192 [26] [Info] - 发送验证码返回：{"code":817,"msg":"抱歉，短信验证码发送次数已达到今日上限！"} 
15:17:43.6782 [33] [Info] - 登录记录账号：15201109561，密码：962254xx 
15:17:49.8832 [33] [Info] - 发送验证码返回：{"code":200,"msg":"OK."} 
15:19:40.6568 [50] [Info] - 挂号返回：{"data":[],"hasError":true,"code":7001,"msg":"短信验证码错误!"} 
