16:37:46.6579 [6] [Info] - LogInformation我记录了日志 
16:37:46.8875 [6] [Warn] - LogWarning我记录了日志 
16:37:46.9003 [6] [Trace] - LogTrace我记录了日志 
16:37:46.9332 [6] [Debug] - LogDebug我记录了日志 
16:37:46.9498 [6] [Error] - LogError我记录了日志 
17:11:06.4685 [6] [Info] - LogInformation我记录了日志 
17:11:06.5541 [6] [Warn] - LogWarning我记录了日志 
17:11:06.5710 [6] [Trace] - LogTrace我记录了日志 
17:11:06.5807 [6] [Debug] - LogDebug我记录了日志 
17:11:06.5807 [6] [Error] - LogError我记录了日志 
17:14:36.7480 [9] [Info] - LogInformation我记录了日志 
17:14:36.8139 [9] [Warn] - LogWarning我记录了日志 
17:14:36.8139 [9] [Trace] - LogTrace我记录了日志 
17:14:36.8139 [9] [Debug] - LogDebug我记录了日志 
17:14:36.8139 [9] [Error] - LogError我记录了日志 
17:32:36.5764 [27] [Info] - LogInformation我记录了日志 
17:32:36.6640 [27] [Warn] - LogWarning我记录了日志 
17:32:36.6640 [27] [Trace] - LogTrace我记录了日志 
17:32:36.6734 [27] [Debug] - LogDebug我记录了日志 
17:32:36.6734 [27] [Error] - LogError我记录了日志 
17:48:14.8373 [7] [Info] - LogInformation我记录了日志 
17:48:14.9706 [7] [Warn] - LogWarning我记录了日志 
17:48:14.9706 [7] [Trace] - LogTrace我记录了日志 
17:48:14.9907 [7] [Debug] - LogDebug我记录了日志 
17:48:14.9907 [7] [Error] - LogError我记录了日志 
